TN:
SF:config\db.js
FNF:0
FNH:0
DA:1,0
DA:3,0
DA:14,0
DA:16,0
LF:4
LH:0
BRF:0
BRH:0
end_of_record
TN:
SF:controllers\authController.js
FN:8,isUniversityEmail
FN:11,(anonymous_1)
FN:14,(anonymous_2)
FN:17,universityAuth
FN:73,register
FN:111,login
FN:157,me
FN:182,updateMe
FN:231,uploadAvatar
FN:265,logout
FN:269,adminGetUsers
FNF:11
FNH:11
FNDA:13,isUniversityEmail
FNDA:13,(anonymous_1)
FNDA:13,(anonymous_2)
FNDA:6,universityAuth
FNDA:13,register
FNDA:9,login
FNDA:3,me
FNDA:2,updateMe
FNDA:3,uploadAvatar
FNDA:1,logout
FNDA:2,adminGetUsers
DA:1,4
DA:2,4
DA:3,4
DA:4,4
DA:6,4
DA:9,13
DA:10,13
DA:11,13
DA:13,13
DA:14,13
DA:18,6
DA:19,6
DA:20,2
DA:21,4
DA:22,2
DA:26,2
DA:27,2
DA:31,2
DA:32,2
DA:33,1
DA:34,1
DA:35,1
DA:36,1
DA:37,1
DA:41,1
DA:42,1
DA:46,1
DA:48,2
DA:49,0
DA:51,2
DA:54,2
DA:59,2
DA:66,0
DA:67,0
DA:74,13
DA:75,13
DA:76,4
DA:79,9
DA:80,4
DA:84,5
DA:85,5
DA:89,5
DA:90,2
DA:93,3
DA:94,3
DA:98,3
DA:104,0
DA:105,0
DA:112,9
DA:113,9
DA:114,2
DA:117,7
DA:118,7
DA:122,7
DA:123,7
DA:124,2
DA:128,5
DA:129,5
DA:130,2
DA:133,3
DA:134,1
DA:135,2
DA:138,2
DA:143,2
DA:150,0
DA:151,0
DA:158,3
DA:159,3
DA:160,1
DA:161,2
DA:162,2
DA:163,2
DA:164,1
DA:168,1
DA:169,1
DA:170,1
DA:171,0
DA:172,1
DA:175,1
DA:176,1
DA:178,1
DA:183,2
DA:184,2
DA:185,1
DA:192,1
DA:193,1
DA:194,1
DA:195,1
DA:196,1
DA:197,1
DA:198,1
DA:200,1
DA:201,1
DA:213,1
DA:217,1
DA:218,1
DA:221,1
DA:222,1
DA:224,0
DA:225,0
DA:232,3
DA:233,3
DA:234,1
DA:235,2
DA:236,1
DA:239,1
DA:240,1
DA:241,1
DA:245,1
DA:249,1
DA:250,1
DA:251,0
DA:252,1
DA:255,1
DA:256,1
DA:258,0
DA:259,0
DA:266,1
DA:270,2
DA:271,2
DA:274,1
DA:276,1
DA:277,1
DA:280,4
LF:124
LH:111
BRDA:6,0,0,4
BRDA:6,0,1,4
BRDA:9,1,0,0
BRDA:9,1,1,13
BRDA:9,2,0,13
BRDA:9,2,1,13
BRDA:18,3,0,6
BRDA:18,3,1,0
BRDA:19,4,0,2
BRDA:19,4,1,4
BRDA:21,5,0,2
BRDA:21,5,1,2
BRDA:31,6,0,2
BRDA:31,6,1,2
BRDA:32,7,0,1
BRDA:32,7,1,1
BRDA:33,8,0,1
BRDA:33,8,1,0
BRDA:35,9,0,1
BRDA:35,9,1,0
BRDA:36,10,0,0
BRDA:36,10,1,1
BRDA:46,11,0,1
BRDA:46,11,1,1
BRDA:48,12,0,0
BRDA:48,12,1,2
BRDA:48,13,0,2
BRDA:48,13,1,2
BRDA:48,13,2,2
BRDA:74,14,0,13
BRDA:74,14,1,0
BRDA:75,15,0,4
BRDA:75,15,1,9
BRDA:75,16,0,13
BRDA:75,16,1,10
BRDA:79,17,0,4
BRDA:79,17,1,5
BRDA:89,18,0,2
BRDA:89,18,1,3
BRDA:89,19,0,5
BRDA:89,19,1,5
BRDA:96,20,0,3
BRDA:96,20,1,2
BRDA:96,21,0,3
BRDA:96,21,1,2
BRDA:112,22,0,9
BRDA:112,22,1,0
BRDA:113,23,0,2
BRDA:113,23,1,7
BRDA:113,24,0,9
BRDA:113,24,1,7
BRDA:122,25,0,7
BRDA:122,25,1,7
BRDA:123,26,0,2
BRDA:123,26,1,5
BRDA:123,27,0,7
BRDA:123,27,1,5
BRDA:129,28,0,2
BRDA:129,28,1,3
BRDA:133,29,0,1
BRDA:133,29,1,2
BRDA:133,30,0,3
BRDA:133,30,1,3
BRDA:159,31,0,1
BRDA:159,31,1,2
BRDA:159,32,0,3
BRDA:159,32,1,2
BRDA:168,33,0,1
BRDA:168,33,1,1
BRDA:169,34,0,0
BRDA:169,34,1,1
BRDA:170,35,0,0
BRDA:170,35,1,1
BRDA:170,36,0,1
BRDA:170,36,1,1
BRDA:183,37,0,2
BRDA:183,37,1,1
BRDA:184,38,0,1
BRDA:184,38,1,1
BRDA:192,39,0,1
BRDA:192,39,1,0
BRDA:195,40,0,1
BRDA:195,40,1,0
BRDA:195,41,0,1
BRDA:195,41,1,1
BRDA:197,42,0,1
BRDA:197,42,1,0
BRDA:198,43,0,0
BRDA:198,43,1,1
BRDA:206,44,0,1
BRDA:206,44,1,1
BRDA:207,45,0,1
BRDA:207,45,1,0
BRDA:208,46,0,1
BRDA:208,46,1,1
BRDA:209,47,0,1
BRDA:209,47,1,1
BRDA:217,48,0,1
BRDA:217,48,1,1
BRDA:232,49,0,3
BRDA:232,49,1,2
BRDA:233,50,0,1
BRDA:233,50,1,2
BRDA:235,51,0,1
BRDA:235,51,1,1
BRDA:249,52,0,1
BRDA:249,52,1,1
BRDA:250,53,0,0
BRDA:250,53,1,1
BRF:109
BRH:93
end_of_record
TN:
SF:controllers\productController.js
FN:5,listProducts
FN:24,getProduct
FN:48,createProduct
FN:100,updateProduct
FN:160,deleteProduct
FN:211,getSellerInterested
FN:263,getSellerProducts
FN:294,updateProductStatus
FN:340,cancelSale
FN:383,getFavorites
FN:399,toggleFavorite
FN:446,getInterests
FN:462,addInterest
FN:497,toggleInterest
FN:538,getUserHistory
FN:571,addReview
FN:618,getSellerReviews
FN:640,createReport
FN:672,(anonymous_18)
FN:713,adminGetReports
FN:755,(anonymous_20)
FN:806,updateReportStatus
FN:831,adminDeleteProduct
FN:932,adminSetUserStatus
FN:955,adminDeleteReview
FNF:25
FNH:24
FNDA:6,listProducts
FNDA:4,getProduct
FNDA:6,createProduct
FNDA:6,updateProduct
FNDA:5,deleteProduct
FNDA:3,getSellerInterested
FNDA:3,getSellerProducts
FNDA:5,updateProductStatus
FNDA:6,cancelSale
FNDA:3,getFavorites
FNDA:5,toggleFavorite
FNDA:3,getInterests
FNDA:4,addInterest
FNDA:5,toggleInterest
FNDA:3,getUserHistory
FNDA:9,addReview
FNDA:2,getSellerReviews
FNDA:6,createReport
FNDA:0,(anonymous_18)
FNDA:2,adminGetReports
FNDA:1,(anonymous_20)
FNDA:3,updateReportStatus
FNDA:2,adminDeleteProduct
FNDA:5,adminSetUserStatus
FNDA:2,adminDeleteReview
DA:1,5
DA:2,5
DA:3,5
DA:6,6
DA:10,6
DA:13,6
DA:16,6
DA:17,4
DA:19,2
DA:20,2
DA:25,4
DA:26,4
DA:27,4
DA:31,4
DA:32,4
DA:33,2
DA:34,2
DA:35,2
DA:36,2
DA:37,2
DA:40,2
DA:41,2
DA:43,0
DA:44,0
DA:49,6
DA:50,6
DA:51,3
DA:54,3
DA:55,3
DA:56,1
DA:57,2
DA:58,2
DA:59,1
DA:62,1
DA:63,1
DA:74,1
DA:75,1
DA:76,1
DA:77,1
DA:78,0
DA:79,0
DA:81,1
DA:82,0
DA:83,0
DA:91,1
DA:93,0
DA:94,0
DA:101,6
DA:102,6
DA:103,6
DA:104,1
DA:105,5
DA:106,5
DA:107,5
DA:111,5
DA:112,5
DA:113,1
DA:116,4
DA:117,1
DA:118,3
DA:119,3
DA:120,2
DA:121,2
DA:122,1
DA:126,2
DA:137,1
DA:138,1
DA:139,1
DA:140,0
DA:141,0
DA:143,1
DA:144,0
DA:145,0
DA:153,1
DA:155,1
DA:156,1
DA:161,5
DA:162,5
DA:163,5
DA:164,1
DA:165,4
DA:166,4
DA:170,4
DA:171,4
DA:172,1
DA:175,3
DA:176,2
DA:177,1
DA:178,1
DA:183,0
DA:189,0
DA:190,0
DA:196,1
DA:197,1
DA:198,1
DA:204,1
DA:206,0
DA:207,0
DA:212,3
DA:213,3
DA:215,3
DA:228,2
DA:229,2
DA:230,1
DA:231,1
DA:232,1
DA:242,0
DA:243,0
DA:245,1
DA:256,2
DA:258,1
DA:259,1
DA:264,3
DA:265,3
DA:266,3
DA:270,3
DA:271,3
DA:272,1
DA:279,2
DA:282,2
DA:285,2
DA:287,1
DA:289,1
DA:290,1
DA:295,5
DA:296,5
DA:297,5
DA:298,1
DA:299,4
DA:300,4
DA:301,1
DA:302,3
DA:303,3
DA:307,3
DA:308,3
DA:309,1
DA:313,2
DA:314,1
DA:319,1
DA:320,1
DA:321,1
DA:322,0
DA:323,0
DA:325,0
DA:328,1
DA:332,1
DA:334,0
DA:335,0
DA:341,6
DA:342,6
DA:343,6
DA:344,1
DA:345,5
DA:346,5
DA:350,4
DA:351,4
DA:352,1
DA:355,3
DA:356,1
DA:359,2
DA:365,2
DA:366,2
DA:369,1
DA:376,2
DA:378,1
DA:379,1
DA:384,3
DA:385,3
DA:386,1
DA:387,2
DA:388,2
DA:392,1
DA:394,1
DA:395,1
DA:400,5
DA:401,5
DA:402,1
DA:404,4
DA:405,4
DA:406,1
DA:409,3
DA:411,3
DA:415,3
DA:416,1
DA:420,2
DA:424,2
DA:426,1
DA:429,1
DA:433,1
DA:437,1
DA:439,0
DA:440,0
DA:447,3
DA:448,3
DA:449,1
DA:450,2
DA:451,2
DA:455,1
DA:457,1
DA:458,1
DA:463,4
DA:464,4
DA:465,1
DA:467,3
DA:468,3
DA:469,0
DA:472,3
DA:473,3
DA:477,3
DA:478,1
DA:481,2
DA:485,2
DA:486,1
DA:490,1
DA:492,0
DA:493,0
DA:498,5
DA:499,5
DA:500,1
DA:502,4
DA:503,4
DA:504,1
DA:507,3
DA:508,3
DA:512,3
DA:513,1
DA:516,2
DA:520,2
DA:521,1
DA:524,1
DA:526,1
DA:530,1
DA:532,0
DA:533,0
DA:539,3
DA:540,3
DA:541,1
DA:542,2
DA:544,2
DA:554,1
DA:563,1
DA:565,1
DA:566,1
DA:572,9
DA:573,9
DA:574,1
DA:575,8
DA:576,8
DA:577,1
DA:578,7
DA:579,7
DA:580,1
DA:581,6
DA:583,6
DA:587,6
DA:588,6
DA:589,1
DA:592,5
DA:593,1
DA:596,4
DA:597,1
DA:600,3
DA:601,1
DA:606,2
DA:610,1
DA:612,1
DA:613,1
DA:619,2
DA:620,2
DA:621,2
DA:632,1
DA:634,1
DA:635,1
DA:641,6
DA:642,6
DA:643,1
DA:644,5
DA:647,5
DA:650,5
DA:651,5
DA:653,5
DA:654,1
DA:664,4
DA:665,4
DA:666,1
DA:671,3
DA:672,3
DA:674,3
DA:675,3
DA:685,1
DA:687,2
DA:692,2
DA:693,2
DA:697,1
DA:699,1
DA:700,1
DA:707,0
DA:708,0
DA:714,2
DA:716,2
DA:717,2
DA:718,2
DA:721,2
DA:724,1
DA:726,1
DA:729,1
DA:732,1
DA:733,1
DA:734,1
DA:736,1
DA:739,1
DA:740,1
DA:743,1
DA:753,1
DA:755,1
DA:756,1
DA:757,1
DA:758,1
DA:760,0
DA:762,1
DA:784,1
DA:785,0
DA:786,0
DA:787,0
DA:789,1
DA:792,1
DA:794,1
DA:798,1
DA:807,3
DA:808,3
DA:809,3
DA:810,0
DA:813,3
DA:814,2
DA:815,1
DA:816,1
DA:817,1
DA:819,1
DA:823,1
DA:825,0
DA:826,0
DA:832,2
DA:833,2
DA:834,0
DA:837,2
DA:839,2
DA:843,2
DA:844,2
DA:845,1
DA:848,1
DA:849,1
DA:854,0
DA:860,0
DA:865,1
DA:866,1
DA:867,1
DA:874,1
DA:875,1
DA:879,1
DA:880,0
DA:881,0
DA:882,0
DA:883,0
DA:884,0
DA:885,0
DA:887,0
DA:889,0
DA:890,0
DA:891,0
DA:892,0
DA:893,0
DA:899,0
DA:911,0
DA:912,0
DA:922,0
DA:924,1
DA:926,0
DA:927,0
DA:933,5
DA:934,5
DA:935,5
DA:936,1
DA:938,4
DA:939,4
DA:940,4
DA:941,1
DA:942,3
DA:943,3
DA:947,2
DA:949,1
DA:950,1
DA:956,2
DA:957,2
DA:958,0
DA:961,2
DA:962,2
DA:963,1
DA:965,1
DA:966,1
DA:970,5
LF:400
LH:338
BRDA:10,0,0,6
BRDA:10,0,1,6
BRDA:10,0,2,4
BRDA:13,1,0,2
BRDA:13,1,1,4
BRDA:31,2,0,4
BRDA:31,2,1,4
BRDA:32,3,0,2
BRDA:32,3,1,2
BRDA:35,4,0,2
BRDA:35,4,1,0
BRDA:40,5,0,2
BRDA:40,5,1,0
BRDA:40,5,2,0
BRDA:49,6,0,6
BRDA:49,6,1,0
BRDA:50,7,0,3
BRDA:50,7,1,3
BRDA:50,8,0,6
BRDA:50,8,1,4
BRDA:54,9,0,3
BRDA:54,9,1,2
BRDA:55,10,0,1
BRDA:55,10,1,2
BRDA:58,11,0,1
BRDA:58,11,1,1
BRDA:58,12,0,2
BRDA:58,12,1,2
BRDA:68,13,0,1
BRDA:68,13,1,0
BRDA:70,14,0,1
BRDA:70,14,1,1
BRDA:71,15,0,1
BRDA:71,15,1,1
BRDA:75,16,0,1
BRDA:75,16,1,1
BRDA:81,17,0,0
BRDA:81,17,1,1
BRDA:102,18,0,6
BRDA:102,18,1,5
BRDA:103,19,0,1
BRDA:103,19,1,5
BRDA:105,20,0,5
BRDA:105,20,1,0
BRDA:111,21,0,5
BRDA:111,21,1,5
BRDA:112,22,0,1
BRDA:112,22,1,4
BRDA:116,23,0,1
BRDA:116,23,1,3
BRDA:119,24,0,2
BRDA:119,24,1,1
BRDA:119,25,0,3
BRDA:119,25,1,2
BRDA:119,25,2,2
BRDA:121,26,0,1
BRDA:121,26,1,1
BRDA:121,27,0,2
BRDA:121,27,1,1
BRDA:129,28,0,2
BRDA:129,28,1,0
BRDA:130,29,0,2
BRDA:130,29,1,2
BRDA:132,30,0,2
BRDA:132,30,1,2
BRDA:133,31,0,2
BRDA:133,31,1,2
BRDA:137,32,0,1
BRDA:137,32,1,0
BRDA:143,33,0,0
BRDA:143,33,1,1
BRDA:162,34,0,5
BRDA:162,34,1,4
BRDA:163,35,0,1
BRDA:163,35,1,4
BRDA:170,36,0,4
BRDA:170,36,1,4
BRDA:171,37,0,1
BRDA:171,37,1,3
BRDA:175,38,0,2
BRDA:175,38,1,1
BRDA:178,39,0,0
BRDA:178,39,1,1
BRDA:179,40,0,1
BRDA:179,40,1,0
BRDA:179,40,2,0
BRDA:189,41,0,0
BRDA:189,41,1,0
BRDA:231,42,0,1
BRDA:231,42,1,0
BRDA:237,43,0,1
BRDA:237,43,1,1
BRDA:243,44,0,0
BRDA:243,44,1,0
BRDA:243,45,0,0
BRDA:243,45,1,0
BRDA:248,46,0,1
BRDA:248,46,1,0
BRDA:270,47,0,3
BRDA:270,47,1,3
BRDA:271,48,0,1
BRDA:271,48,1,2
BRDA:279,49,0,2
BRDA:279,49,1,2
BRDA:279,49,2,2
BRDA:282,50,0,0
BRDA:282,50,1,2
BRDA:296,51,0,5
BRDA:296,51,1,4
BRDA:297,52,0,1
BRDA:297,52,1,4
BRDA:299,53,0,4
BRDA:299,53,1,0
BRDA:300,54,0,1
BRDA:300,54,1,3
BRDA:307,55,0,3
BRDA:307,55,1,3
BRDA:308,56,0,1
BRDA:308,56,1,2
BRDA:313,57,0,1
BRDA:313,57,1,1
BRDA:320,58,0,1
BRDA:320,58,1,0
BRDA:322,59,0,0
BRDA:322,59,1,0
BRDA:323,60,0,0
BRDA:323,60,1,0
BRDA:342,61,0,6
BRDA:342,61,1,5
BRDA:343,62,0,1
BRDA:343,62,1,5
BRDA:350,63,0,4
BRDA:350,63,1,4
BRDA:351,64,0,1
BRDA:351,64,1,3
BRDA:355,65,0,1
BRDA:355,65,1,2
BRDA:372,66,0,1
BRDA:372,66,1,1
BRDA:384,67,0,3
BRDA:384,67,1,2
BRDA:385,68,0,1
BRDA:385,68,1,2
BRDA:400,69,0,5
BRDA:400,69,1,4
BRDA:401,70,0,1
BRDA:401,70,1,4
BRDA:404,71,0,4
BRDA:404,71,1,4
BRDA:404,71,2,1
BRDA:404,71,3,1
BRDA:405,72,0,1
BRDA:405,72,1,3
BRDA:415,73,0,1
BRDA:415,73,1,2
BRDA:415,74,0,3
BRDA:415,74,1,3
BRDA:424,75,0,1
BRDA:424,75,1,1
BRDA:424,76,0,2
BRDA:424,76,1,2
BRDA:447,77,0,3
BRDA:447,77,1,2
BRDA:448,78,0,1
BRDA:448,78,1,2
BRDA:463,79,0,4
BRDA:463,79,1,3
BRDA:464,80,0,1
BRDA:464,80,1,3
BRDA:467,81,0,3
BRDA:467,81,1,3
BRDA:467,81,2,0
BRDA:467,81,3,0
BRDA:468,82,0,0
BRDA:468,82,1,3
BRDA:477,83,0,1
BRDA:477,83,1,2
BRDA:477,84,0,3
BRDA:477,84,1,3
BRDA:485,85,0,1
BRDA:485,85,1,1
BRDA:485,86,0,2
BRDA:485,86,1,2
BRDA:498,87,0,5
BRDA:498,87,1,4
BRDA:499,88,0,1
BRDA:499,88,1,4
BRDA:502,89,0,4
BRDA:502,89,1,4
BRDA:502,89,2,1
BRDA:502,89,3,1
BRDA:503,90,0,1
BRDA:503,90,1,3
BRDA:512,91,0,1
BRDA:512,91,1,2
BRDA:512,92,0,3
BRDA:512,92,1,3
BRDA:520,93,0,1
BRDA:520,93,1,1
BRDA:520,94,0,2
BRDA:520,94,1,2
BRDA:539,95,0,3
BRDA:539,95,1,2
BRDA:540,96,0,1
BRDA:540,96,1,2
BRDA:572,97,0,9
BRDA:572,97,1,8
BRDA:573,98,0,1
BRDA:573,98,1,8
BRDA:575,99,0,8
BRDA:575,99,1,0
BRDA:576,100,0,1
BRDA:576,100,1,7
BRDA:576,101,0,8
BRDA:576,101,1,8
BRDA:576,101,2,7
BRDA:579,102,0,1
BRDA:579,102,1,6
BRDA:579,103,0,7
BRDA:579,103,1,7
BRDA:579,103,2,7
BRDA:587,104,0,6
BRDA:587,104,1,6
BRDA:588,105,0,1
BRDA:588,105,1,5
BRDA:592,106,0,1
BRDA:592,106,1,4
BRDA:596,107,0,1
BRDA:596,107,1,3
BRDA:600,108,0,1
BRDA:600,108,1,2
BRDA:608,109,0,2
BRDA:608,109,1,1
BRDA:641,110,0,6
BRDA:641,110,1,5
BRDA:642,111,0,1
BRDA:642,111,1,5
BRDA:647,112,0,5
BRDA:647,112,1,0
BRDA:650,113,0,5
BRDA:650,113,1,1
BRDA:651,114,0,5
BRDA:651,114,1,1
BRDA:653,115,0,1
BRDA:653,115,1,4
BRDA:653,116,0,5
BRDA:653,116,1,5
BRDA:664,117,0,4
BRDA:664,117,1,3
BRDA:665,118,0,1
BRDA:665,118,1,3
BRDA:671,119,0,3
BRDA:671,119,1,0
BRDA:681,120,0,3
BRDA:681,120,1,0
BRDA:682,121,0,0
BRDA:682,121,1,3
BRDA:689,122,0,2
BRDA:689,122,1,2
BRDA:695,123,0,2
BRDA:695,123,1,0
BRDA:699,124,0,1
BRDA:699,124,1,1
BRDA:716,125,0,2
BRDA:716,125,1,1
BRDA:717,126,0,2
BRDA:717,126,1,1
BRDA:724,127,0,1
BRDA:724,127,1,1
BRDA:724,127,2,1
BRDA:724,127,3,0
BRDA:729,128,0,1
BRDA:729,128,1,1
BRDA:732,129,0,1
BRDA:732,129,1,1
BRDA:733,130,0,1
BRDA:733,130,1,0
BRDA:734,131,0,0
BRDA:734,131,1,1
BRDA:739,132,0,1
BRDA:739,132,1,1
BRDA:740,133,0,0
BRDA:740,133,1,1
BRDA:758,134,0,0
BRDA:758,134,1,1
BRDA:767,135,0,1
BRDA:767,135,1,0
BRDA:769,136,0,1
BRDA:769,136,1,1
BRDA:772,137,0,1
BRDA:772,137,1,0
BRDA:773,138,0,1
BRDA:773,138,1,1
BRDA:774,139,0,1
BRDA:774,139,1,1
BRDA:775,140,0,1
BRDA:775,140,1,1
BRDA:777,141,0,1
BRDA:777,141,1,1
BRDA:784,142,0,0
BRDA:784,142,1,1
BRDA:785,143,0,0
BRDA:785,143,1,0
BRDA:786,144,0,0
BRDA:786,144,1,0
BRDA:787,145,0,0
BRDA:787,145,1,0
BRDA:796,146,0,1
BRDA:796,146,1,1
BRDA:796,146,2,0
BRDA:796,146,3,0
BRDA:800,147,0,1
BRDA:800,147,1,1
BRDA:800,147,2,0
BRDA:808,148,0,3
BRDA:808,148,1,0
BRDA:809,149,0,0
BRDA:809,149,1,3
BRDA:813,150,0,2
BRDA:813,150,1,1
BRDA:813,151,0,3
BRDA:813,151,1,2
BRDA:816,152,0,1
BRDA:816,152,1,1
BRDA:816,152,2,1
BRDA:817,153,0,1
BRDA:817,153,1,1
BRDA:821,154,0,1
BRDA:821,154,1,0
BRDA:833,155,0,0
BRDA:833,155,1,2
BRDA:843,156,0,2
BRDA:843,156,1,2
BRDA:844,157,0,1
BRDA:844,157,1,1
BRDA:849,158,0,0
BRDA:849,158,1,1
BRDA:850,159,0,1
BRDA:850,159,1,0
BRDA:850,159,2,0
BRDA:860,160,0,0
BRDA:860,160,1,0
BRDA:879,161,0,0
BRDA:879,161,1,1
BRDA:879,162,0,1
BRDA:879,162,1,1
BRDA:882,163,0,0
BRDA:882,163,1,0
BRDA:889,164,0,0
BRDA:889,164,1,0
BRDA:892,165,0,0
BRDA:892,165,1,0
BRDA:892,166,0,0
BRDA:892,166,1,0
BRDA:899,167,0,0
BRDA:899,167,1,0
BRDA:922,168,0,0
BRDA:922,168,1,0
BRDA:934,169,0,5
BRDA:934,169,1,0
BRDA:935,170,0,1
BRDA:935,170,1,4
BRDA:935,171,0,5
BRDA:935,171,1,5
BRDA:940,172,0,1
BRDA:940,172,1,3
BRDA:957,173,0,0
BRDA:957,173,1,2
BRF:368
BRH:290
end_of_record
TN:
SF:middlewares\auth.js
FN:6,authenticateJWT
FN:42,requireRole
FN:43,(anonymous_2)
FNF:3
FNH:3
FNDA:12,authenticateJWT
FNDA:19,requireRole
FNDA:7,(anonymous_2)
DA:1,6
DA:2,6
DA:4,6
DA:7,12
DA:8,12
DA:9,3
DA:11,9
DA:12,9
DA:13,9
DA:15,8
DA:16,8
DA:20,7
DA:21,7
DA:22,1
DA:25,6
DA:26,1
DA:30,5
DA:31,5
DA:32,5
DA:34,1
DA:35,1
DA:38,1
DA:43,19
DA:44,7
DA:46,7
DA:47,2
DA:48,0
DA:49,2
DA:50,1
DA:53,1
DA:55,5
DA:56,5
DA:57,1
DA:58,4
DA:62,3
DA:63,3
DA:64,1
DA:65,2
DA:66,1
DA:69,1
DA:70,1
DA:72,1
DA:73,1
DA:78,6
LF:44
LH:43
BRDA:4,0,0,6
BRDA:4,0,1,6
BRDA:8,1,0,3
BRDA:8,1,1,9
BRDA:8,2,0,12
BRDA:8,2,1,9
BRDA:20,3,0,7
BRDA:20,3,1,7
BRDA:21,4,0,1
BRDA:21,4,1,6
BRDA:25,5,0,1
BRDA:25,5,1,5
BRDA:25,6,0,6
BRDA:25,6,1,6
BRDA:46,7,0,2
BRDA:46,7,1,5
BRDA:47,8,0,0
BRDA:47,8,1,2
BRDA:47,9,0,2
BRDA:47,9,1,2
BRDA:49,10,0,1
BRDA:49,10,1,1
BRDA:49,11,0,2
BRDA:49,11,1,2
BRDA:55,12,0,5
BRDA:55,12,1,4
BRDA:56,13,0,1
BRDA:56,13,1,4
BRDA:62,14,0,3
BRDA:62,14,1,3
BRDA:63,15,0,1
BRDA:63,15,1,2
BRDA:63,16,0,3
BRDA:63,16,1,2
BRDA:65,17,0,1
BRDA:65,17,1,1
BRDA:65,18,0,2
BRDA:65,18,1,2
BRF:38
BRH:37
end_of_record
TN:
SF:routes\authRoutes.js
FN:19,(anonymous_0)
FN:21,(anonymous_1)
FNF:2
FNH:0
FNDA:0,(anonymous_0)
FNDA:0,(anonymous_1)
DA:1,2
DA:2,2
DA:3,2
DA:4,2
DA:14,2
DA:15,2
DA:18,2
DA:20,0
DA:22,0
DA:27,2
DA:29,2
DA:30,2
DA:31,2
DA:32,2
DA:33,2
DA:34,2
DA:40,2
DA:41,2
DA:48,2
LF:19
LH:17
BRF:0
BRH:0
end_of_record
TN:
SF:routes\productRoutes.js
FN:34,(anonymous_0)
FN:36,(anonymous_1)
FNF:2
FNH:0
FNDA:0,(anonymous_0)
FNDA:0,(anonymous_1)
DA:1,2
DA:2,2
DA:3,2
DA:4,2
DA:29,2
DA:30,2
DA:33,2
DA:35,0
DA:37,0
DA:42,2
DA:45,2
DA:46,2
DA:47,2
DA:48,2
DA:49,2
DA:52,2
DA:58,2
DA:64,2
DA:65,2
DA:66,2
DA:67,2
DA:68,2
DA:76,2
DA:77,2
DA:80,2
DA:81,2
DA:84,2
DA:87,2
DA:93,2
DA:99,2
DA:105,2
DA:111,2
DA:118,2
LF:33
LH:31
BRF:0
BRH:0
end_of_record
